2024-07-26 17:44:48,062 [Worker-4: Loading available Gradle versions] INFO  o.e.b.c.i.u.g.PublishedGradleVersions - Gradle version information cache is up-to-date. Trying to read.
2024-07-26 17:45:16,410 [Worker-6: Updating Maven Dependencies] INFO  o.e.m.c.i.l.LifecycleMappingFactory - Using org.eclipse.m2e.jdt.JarLifecycleMapping lifecycle mapping for MavenProject: com.iiht.fc:feign-client:0.0.1-SNAPSHOT @ C:\Users\Administrator\Desktop\Spring Different Workspace\STS Microservices\FeignClient\pom.xml.
2024-07-26 17:45:17,345 [Worker-7: Building] INFO  o.e.m.c.i.l.LifecycleMappingFactory - Using org.eclipse.m2e.jdt.JarLifecycleMapping lifecycle mapping for MavenProject: com.iiht.BootSecurityInMemory:BootSecurityInMemory:0.0.1-SNAPSHOT @ C:\Users\Administrator\Desktop\Spring Different Workspace\STS Microservices\BootSecurityInMemory\pom.xml.
2024-07-26 17:45:19,227 [Worker-7: Building] INFO  o.a.m.s.f.DefaultMavenResourcesFiltering - Copying 1 resource from src\main\resources to target\classes
2024-07-26 17:45:19,266 [Worker-7: Building] INFO  o.a.m.s.f.DefaultMavenResourcesFiltering - Copying 0 resource from src\main\resources to target\classes
2024-07-26 17:45:19,273 [Worker-7: Building] INFO  o.a.m.s.f.DefaultMavenResourcesFiltering - skip non existing resourceDirectory C:\Users\Administrator\Desktop\Spring Different Workspace\STS Microservices\BootSecurityInMemory\src\test\resources
2024-07-26 17:45:20,403 [Worker-15: Building] INFO  o.a.m.s.f.DefaultMavenResourcesFiltering - Copying 1 resource from src\main\resources to target\classes
2024-07-26 17:45:20,405 [Worker-15: Building] INFO  o.a.m.s.f.DefaultMavenResourcesFiltering - Copying 0 resource from src\main\resources to target\classes
2024-07-26 17:45:20,409 [Worker-15: Building] INFO  o.a.m.s.f.DefaultMavenResourcesFiltering - skip non existing resourceDirectory C:\Users\Administrator\Desktop\Spring Different Workspace\STS Microservices\BootSecurityInMemory\src\test\resources
2024-07-26 17:45:22,883 [Worker-15: Building] INFO  o.e.m.c.i.l.LifecycleMappingFactory - Using org.eclipse.m2e.jdt.JarLifecycleMapping lifecycle mapping for MavenProject: com.iiht.cc:config-client:0.0.1-SNAPSHOT @ C:\Users\Administrator\Desktop\Spring Different Workspace\STS Microservices\ConfigClient\pom.xml.
2024-07-26 17:45:24,802 [Worker-15: Building] INFO  o.a.m.s.f.DefaultMavenResourcesFiltering - Copying 1 resource from src\main\resources to target\classes
2024-07-26 17:45:24,924 [Worker-15: Building] INFO  o.a.m.s.f.DefaultMavenResourcesFiltering - Copying 0 resource from src\main\resources to target\classes
2024-07-26 17:45:24,945 [Worker-15: Building] INFO  o.a.m.s.f.DefaultMavenResourcesFiltering - skip non existing resourceDirectory C:\Users\Administrator\Desktop\Spring Different Workspace\STS Microservices\ConfigClient\src\test\resources
2024-07-26 17:45:26,041 [Worker-8: Building] INFO  o.a.m.s.f.DefaultMavenResourcesFiltering - Copying 1 resource from src\main\resources to target\classes
2024-07-26 17:45:26,043 [Worker-8: Building] INFO  o.a.m.s.f.DefaultMavenResourcesFiltering - Copying 0 resource from src\main\resources to target\classes
2024-07-26 17:45:26,047 [Worker-8: Building] INFO  o.a.m.s.f.DefaultMavenResourcesFiltering - skip non existing resourceDirectory C:\Users\Administrator\Desktop\Spring Different Workspace\STS Microservices\ConfigClient\src\test\resources
2024-07-26 17:45:27,184 [Worker-8: Building] INFO  o.e.m.c.i.l.LifecycleMappingFactory - Using org.eclipse.m2e.jdt.JarLifecycleMapping lifecycle mapping for MavenProject: com.iiht.ConfigServer:ConfigServer:0.0.1-SNAPSHOT @ C:\Users\Administrator\Desktop\Spring Different Workspace\STS Microservices\ConfigServer\pom.xml.
2024-07-26 17:45:28,859 [Worker-8: Building] INFO  o.a.m.s.f.DefaultMavenResourcesFiltering - Copying 1 resource from src\main\resources to target\classes
2024-07-26 17:45:28,888 [Worker-8: Building] INFO  o.a.m.s.f.DefaultMavenResourcesFiltering - Copying 0 resource from src\main\resources to target\classes
2024-07-26 17:45:28,897 [Worker-8: Building] INFO  o.a.m.s.f.DefaultMavenResourcesFiltering - skip non existing resourceDirectory C:\Users\Administrator\Desktop\Spring Different Workspace\STS Microservices\ConfigServer\src\test\resources
2024-07-26 17:45:29,898 [Worker-8: Building] INFO  o.a.m.s.f.DefaultMavenResourcesFiltering - Copying 1 resource from src\main\resources to target\classes
2024-07-26 17:45:29,900 [Worker-8: Building] INFO  o.a.m.s.f.DefaultMavenResourcesFiltering - Copying 0 resource from src\main\resources to target\classes
2024-07-26 17:45:29,921 [Worker-8: Building] INFO  o.a.m.s.f.DefaultMavenResourcesFiltering - skip non existing resourceDirectory C:\Users\Administrator\Desktop\Spring Different Workspace\STS Microservices\ConfigServer\src\test\resources
2024-07-26 17:45:30,406 [Worker-9: Updating Maven Dependencies] INFO  o.e.m.c.i.l.LifecycleMappingFactory - Using org.eclipse.m2e.jdt.JarLifecycleMapping lifecycle mapping for MavenProject: com.iiht.fc:feign-client:0.0.1-SNAPSHOT @ C:\Users\Administrator\Desktop\Spring Different Workspace\STS Microservices\FeignClient\pom.xml.
2024-07-26 17:45:38,919 [Worker-13: Building] INFO  o.a.m.s.f.DefaultMavenResourcesFiltering - Copying 1 resource from src\main\resources to target\classes
2024-07-26 17:45:38,954 [Worker-13: Building] INFO  o.a.m.s.f.DefaultMavenResourcesFiltering - Copying 0 resource from src\main\resources to target\classes
2024-07-26 17:45:38,960 [Worker-13: Building] INFO  o.a.m.s.f.DefaultMavenResourcesFiltering - skip non existing resourceDirectory C:\Users\Administrator\Desktop\Spring Different Workspace\STS Microservices\FeignClient\src\test\resources
2024-07-26 17:45:40,186 [Worker-13: Building] INFO  o.e.m.c.i.l.LifecycleMappingFactory - Using org.eclipse.m2e.jdt.JarLifecycleMapping lifecycle mapping for MavenProject: com.iiht.FeignProductService:FeignProductService:0.0.1-SNAPSHOT @ C:\Users\Administrator\Desktop\Spring Different Workspace\STS Microservices\FeignProductService\pom.xml.
2024-07-26 17:45:40,961 [Worker-13: Building] INFO  o.a.m.s.f.DefaultMavenResourcesFiltering - Copying 1 resource from src\main\resources to target\classes
2024-07-26 17:45:40,981 [Worker-13: Building] INFO  o.a.m.s.f.DefaultMavenResourcesFiltering - Copying 0 resource from src\main\resources to target\classes
2024-07-26 17:45:40,988 [Worker-13: Building] INFO  o.a.m.s.f.DefaultMavenResourcesFiltering - skip non existing resourceDirectory C:\Users\Administrator\Desktop\Spring Different Workspace\STS Microservices\FeignProductService\src\test\resources
2024-07-26 17:45:41,983 [Worker-13: Building] INFO  o.e.m.c.i.l.LifecycleMappingFactory - Using org.eclipse.m2e.jdt.JarLifecycleMapping lifecycle mapping for MavenProject: com.iiht.registry:eurekaregistryservice:0.0.1-SNAPSHOT @ C:\Users\Administrator\Desktop\Spring Different Workspace\STS Microservices\eurekaregistryservice\pom.xml.
2024-07-26 17:45:43,727 [Worker-13: Building] INFO  o.a.m.s.f.DefaultMavenResourcesFiltering - Copying 1 resource from src\main\resources to target\classes
2024-07-26 17:45:44,063 [Worker-13: Building] INFO  o.a.m.s.f.DefaultMavenResourcesFiltering - Copying 0 resource from src\main\resources to target\classes
2024-07-26 17:45:44,070 [Worker-13: Building] INFO  o.a.m.s.f.DefaultMavenResourcesFiltering - skip non existing resourceDirectory C:\Users\Administrator\Desktop\Spring Different Workspace\STS Microservices\eurekaregistryservice\src\test\resources
2024-07-26 17:45:44,919 [Worker-9: Building] INFO  o.a.m.s.f.DefaultMavenResourcesFiltering - Copying 1 resource from src\main\resources to target\classes
2024-07-26 17:45:44,921 [Worker-9: Building] INFO  o.a.m.s.f.DefaultMavenResourcesFiltering - Copying 0 resource from src\main\resources to target\classes
2024-07-26 17:45:44,924 [Worker-9: Building] INFO  o.a.m.s.f.DefaultMavenResourcesFiltering - skip non existing resourceDirectory C:\Users\Administrator\Desktop\Spring Different Workspace\STS Microservices\FeignProductService\src\test\resources
2024-07-26 17:45:45,378 [Worker-9: Building] INFO  o.a.m.s.f.DefaultMavenResourcesFiltering - Copying 1 resource from src\main\resources to target\classes
2024-07-26 17:45:45,380 [Worker-9: Building] INFO  o.a.m.s.f.DefaultMavenResourcesFiltering - Copying 0 resource from src\main\resources to target\classes
2024-07-26 17:45:45,383 [Worker-9: Building] INFO  o.a.m.s.f.DefaultMavenResourcesFiltering - skip non existing resourceDirectory C:\Users\Administrator\Desktop\Spring Different Workspace\STS Microservices\eurekaregistryservice\src\test\resources
2024-07-26 17:45:46,775 [Worker-9: Building] INFO  o.e.m.c.i.l.LifecycleMappingFactory - Using org.eclipse.m2e.jdt.JarLifecycleMapping lifecycle mapping for MavenProject: com.iiht.client:helloclient:0.0.1-SNAPSHOT @ C:\Users\Administrator\Desktop\Spring Different Workspace\STS Microservices\helloclient\pom.xml.
2024-07-26 17:45:47,571 [Worker-9: Building] INFO  o.a.m.s.f.DefaultMavenResourcesFiltering - Copying 1 resource from src\main\resources to target\classes
2024-07-26 17:45:47,690 [Worker-9: Building] INFO  o.a.m.s.f.DefaultMavenResourcesFiltering - Copying 0 resource from src\main\resources to target\classes
2024-07-26 17:45:47,696 [Worker-9: Building] INFO  o.a.m.s.f.DefaultMavenResourcesFiltering - skip non existing resourceDirectory C:\Users\Administrator\Desktop\Spring Different Workspace\STS Microservices\helloclient\src\test\resources
2024-07-26 17:45:48,498 [Worker-9: Building] INFO  o.e.m.c.i.l.LifecycleMappingFactory - Using org.eclipse.m2e.jdt.JarLifecycleMapping lifecycle mapping for MavenProject: com.iiht.hellogateway:hellogateway:0.0.1-SNAPSHOT @ C:\Users\Administrator\Desktop\Spring Different Workspace\STS Microservices\hellogateway\pom.xml.
2024-07-26 17:45:50,140 [Worker-9: Building] INFO  o.a.m.s.f.DefaultMavenResourcesFiltering - Copying 1 resource from src\main\resources to target\classes
2024-07-26 17:45:50,159 [Worker-9: Building] INFO  o.a.m.s.f.DefaultMavenResourcesFiltering - Copying 0 resource from src\main\resources to target\classes
2024-07-26 17:45:50,164 [Worker-9: Building] INFO  o.a.m.s.f.DefaultMavenResourcesFiltering - skip non existing resourceDirectory C:\Users\Administrator\Desktop\Spring Different Workspace\STS Microservices\hellogateway\src\test\resources
2024-07-26 17:45:50,755 [Worker-14: Building] INFO  o.a.m.s.f.DefaultMavenResourcesFiltering - Copying 1 resource from src\main\resources to target\classes
2024-07-26 17:45:50,757 [Worker-14: Building] INFO  o.a.m.s.f.DefaultMavenResourcesFiltering - Copying 0 resource from src\main\resources to target\classes
2024-07-26 17:45:50,761 [Worker-14: Building] INFO  o.a.m.s.f.DefaultMavenResourcesFiltering - skip non existing resourceDirectory C:\Users\Administrator\Desktop\Spring Different Workspace\STS Microservices\helloclient\src\test\resources
2024-07-26 17:45:51,123 [Worker-14: Building] INFO  o.a.m.s.f.DefaultMavenResourcesFiltering - Copying 1 resource from src\main\resources to target\classes
2024-07-26 17:45:51,126 [Worker-14: Building] INFO  o.a.m.s.f.DefaultMavenResourcesFiltering - Copying 0 resource from src\main\resources to target\classes
2024-07-26 17:45:51,133 [Worker-14: Building] INFO  o.a.m.s.f.DefaultMavenResourcesFiltering - skip non existing resourceDirectory C:\Users\Administrator\Desktop\Spring Different Workspace\STS Microservices\hellogateway\src\test\resources
2024-07-26 17:45:52,576 [Worker-14: Building] INFO  o.e.m.c.i.l.LifecycleMappingFactory - Using org.eclipse.m2e.jdt.JarLifecycleMapping lifecycle mapping for MavenProject: com.iiht.service:helloservice:0.0.1-SNAPSHOT @ C:\Users\Administrator\Desktop\Spring Different Workspace\STS Microservices\helloservice\pom.xml.
2024-07-26 17:45:53,812 [Worker-14: Building] INFO  o.a.m.s.f.DefaultMavenResourcesFiltering - Copying 1 resource from src\main\resources to target\classes
2024-07-26 17:45:53,858 [Worker-14: Building] INFO  o.a.m.s.f.DefaultMavenResourcesFiltering - Copying 0 resource from src\main\resources to target\classes
2024-07-26 17:45:53,864 [Worker-14: Building] INFO  o.a.m.s.f.DefaultMavenResourcesFiltering - skip non existing resourceDirectory C:\Users\Administrator\Desktop\Spring Different Workspace\STS Microservices\helloservice\src\test\resources
2024-07-26 17:45:55,209 [Worker-14: Building] INFO  o.e.m.c.i.l.LifecycleMappingFactory - Using org.eclipse.m2e.jdt.JarLifecycleMapping lifecycle mapping for MavenProject: com.iiht.service:helloservice:0.0.1-SNAPSHOT @ C:\Users\Administrator\Desktop\Spring Different Workspace\STS Microservices\helloservice2\pom.xml.
2024-07-26 17:45:56,587 [Worker-14: Building] INFO  o.a.m.s.f.DefaultMavenResourcesFiltering - Copying 1 resource from src\main\resources to target\classes
2024-07-26 17:45:56,606 [Worker-14: Building] INFO  o.a.m.s.f.DefaultMavenResourcesFiltering - Copying 0 resource from src\main\resources to target\classes
2024-07-26 17:45:56,611 [Worker-14: Building] INFO  o.a.m.s.f.DefaultMavenResourcesFiltering - skip non existing resourceDirectory C:\Users\Administrator\Desktop\Spring Different Workspace\STS Microservices\helloservice2\src\test\resources
2024-07-26 17:45:58,002 [Worker-6: Building] INFO  o.a.m.s.f.DefaultMavenResourcesFiltering - Copying 1 resource from src\main\resources to target\classes
2024-07-26 17:45:58,004 [Worker-6: Building] INFO  o.a.m.s.f.DefaultMavenResourcesFiltering - Copying 0 resource from src\main\resources to target\classes
2024-07-26 17:45:58,008 [Worker-6: Building] INFO  o.a.m.s.f.DefaultMavenResourcesFiltering - skip non existing resourceDirectory C:\Users\Administrator\Desktop\Spring Different Workspace\STS Microservices\helloservice\src\test\resources
2024-07-26 17:45:58,363 [Worker-6: Building] INFO  o.a.m.s.f.DefaultMavenResourcesFiltering - Copying 1 resource from src\main\resources to target\classes
2024-07-26 17:45:58,369 [Worker-6: Building] INFO  o.a.m.s.f.DefaultMavenResourcesFiltering - Copying 0 resource from src\main\resources to target\classes
2024-07-26 17:45:58,377 [Worker-6: Building] INFO  o.a.m.s.f.DefaultMavenResourcesFiltering - skip non existing resourceDirectory C:\Users\Administrator\Desktop\Spring Different Workspace\STS Microservices\helloservice2\src\test\resources
